<?xml version="1.0" encoding="UTF-8"?>
<testsuite name="com.djk.DjkApplicationTests" tests="1" skipped="0" failures="0" errors="0" timestamp="2025-07-08T12:53:19.151Z" hostname="LAPTOP-GUID96FM" time="0.882">
  <properties/>
  <testcase name="contextLoads()" classname="com.djk.DjkApplicationTests" time="0.882"/>
  <system-out><![CDATA[18:23:16.615 [Test worker] INFO org.springframework.test.context.support.AnnotationConfigContextLoaderUtils -- Could not detect default configuration classes for test class [com.djk.DjkApplicationTests]: DjkApplicationTests does not declare any static, non-private, non-final, nested classes annotated with @Configuration.
18:23:16.807 [Test worker] INFO org.springframework.boot.test.context.SpringBootTestContextBootstrapper -- Found @SpringBootConfiguration com.djk.DjkApplication for test class com.djk.DjkApplicationTests

  .   ____          _            __ _ _
 /\\ / ___'_ __ _ _(_)_ __  __ _ \ \ \ \
( ( )\___ | '_ | '_| | '_ \/ _` | \ \ \ \
 \\/  ___)| |_)| | | | | || (_| |  ) ) ) )
  '  |____| .__|_| |_|_| |_\__, | / / / /
 =========|_|==============|___/=/_/_/_/

 :: Spring Boot ::                (v3.5.3)

2025-07-08T18:23:17.406+05:30  INFO 16216 --- [djk] [    Test worker] com.djk.DjkApplicationTests              : Starting DjkApplicationTests using Java 17.0.2 with PID 16216 (started by madhu in C:\spring\djk)
2025-07-08T18:23:17.407+05:30  INFO 16216 --- [djk] [    Test worker] com.djk.DjkApplicationTests              : No active profile set, falling back to 1 default profile: "default"
2025-07-08T18:23:19.133+05:30  INFO 16216 --- [djk] [    Test worker] com.djk.DjkApplicationTests              : Started DjkApplicationTests in 2.066 seconds (process running for 3.605)
]]></system-out>
  <system-err><![CDATA[]]></system-err>
</testsuite>
